<?xml version="1.0" encoding="UTF-8"?>
<coverage generated="1637069197103" clover="3.2.0">
  <project timestamp="1637069197103" name="All files">
    <metrics statements="312" coveredstatements="218" conditionals="70" coveredconditionals="24" methods="46" coveredmethods="22" elements="428" coveredelements="264" complexity="0" loc="312" ncloc="312" packages="5" files="23" classes="23">
      <package name="vidly">
        <metrics statements="11" coveredstatements="11" conditionals="2" coveredconditionals="2" methods="1" coveredmethods="1"/>
        <file name="index.js" path="/Users/christinakuebler/Coding/node-course/vidly/index.js">
          <metrics statements="11" coveredstatements="11" conditionals="2" coveredconditionals="2" methods="1" coveredmethods="1"/>
          <line num="4" count="3" type="stmt"/>
          <line num="5" count="3" type="stmt"/>
          <line num="6" count="3" type="stmt"/>
          <line num="8" count="3" type="stmt"/>
          <line num="9" count="3" type="stmt"/>
          <line num="10" count="3" type="stmt"/>
          <line num="11" count="3" type="stmt"/>
          <line num="12" count="3" type="stmt"/>
          <line num="14" count="3" type="cond" truecount="2" falsecount="0"/>
          <line num="15" count="3" type="stmt"/>
          <line num="17" count="3" type="stmt"/>
        </file>
      </package>
      <package name="vidly.middleware">
        <metrics statements="27" coveredstatements="25" conditionals="8" coveredconditionals="8" methods="6" coveredmethods="5"/>
        <file name="admin.js" path="/Users/christinakuebler/Coding/node-course/vidly/middleware/admin.js">
          <metrics statements="3" coveredstatements="3" conditionals="2" coveredconditionals="2" methods="1" coveredmethods="1"/>
          <line num="1" count="3" type="stmt"/>
          <line num="6" count="4" type="cond" truecount="2" falsecount="0"/>
          <line num="10" count="3" type="stmt"/>
        </file>
        <file name="auth.js" path="/Users/christinakuebler/Coding/node-course/vidly/middleware/auth.js">
          <metrics statements="10" coveredstatements="10" conditionals="2" coveredconditionals="2" methods="1" coveredmethods="1"/>
          <line num="1" count="4" type="stmt"/>
          <line num="2" count="4" type="stmt"/>
          <line num="4" count="4" type="stmt"/>
          <line num="5" count="29" type="stmt"/>
          <line num="6" count="29" type="cond" truecount="2" falsecount="0"/>
          <line num="9" count="25" type="stmt"/>
          <line num="10" count="25" type="stmt"/>
          <line num="11" count="24" type="stmt"/>
          <line num="12" count="24" type="stmt"/>
          <line num="15" count="1" type="stmt"/>
        </file>
        <file name="error.js" path="/Users/christinakuebler/Coding/node-course/vidly/middleware/error.js">
          <metrics statements="4" coveredstatements="2" conditionals="0" coveredconditionals="0" methods="1" coveredmethods="0"/>
          <line num="3" count="3" type="stmt"/>
          <line num="5" count="3" type="stmt"/>
          <line num="6" count="0" type="stmt"/>
          <line num="7" count="0" type="stmt"/>
        </file>
        <file name="validate.js" path="/Users/christinakuebler/Coding/node-course/vidly/middleware/validate.js">
          <metrics statements="5" coveredstatements="5" conditionals="2" coveredconditionals="2" methods="2" coveredmethods="2"/>
          <line num="1" count="3" type="stmt"/>
          <line num="2" count="3" type="stmt"/>
          <line num="3" count="9" type="stmt"/>
          <line num="4" count="9" type="cond" truecount="2" falsecount="0"/>
          <line num="5" count="7" type="stmt"/>
        </file>
        <file name="validateObjectId.js" path="/Users/christinakuebler/Coding/node-course/vidly/middleware/validateObjectId.js">
          <metrics statements="5" coveredstatements="5" conditionals="2" coveredconditionals="2" methods="1" coveredmethods="1"/>
          <line num="1" count="3" type="stmt"/>
          <line num="3" count="3" type="stmt"/>
          <line num="4" count="3" type="cond" truecount="2" falsecount="0"/>
          <line num="5" count="1" type="stmt"/>
          <line num="7" count="2" type="stmt"/>
        </file>
      </package>
      <package name="vidly.models">
        <metrics statements="54" coveredstatements="46" conditionals="0" coveredconditionals="0" methods="8" coveredmethods="4"/>
        <file name="customer.js" path="/Users/christinakuebler/Coding/node-course/vidly/models/customer.js">
          <metrics statements="8" coveredstatements="6" conditionals="0" coveredconditionals="0" methods="1" coveredmethods="0"/>
          <line num="1" count="3" type="stmt"/>
          <line num="2" count="3" type="stmt"/>
          <line num="3" count="3" type="stmt"/>
          <line num="6" count="3" type="stmt"/>
          <line num="26" count="0" type="stmt"/>
          <line num="31" count="0" type="stmt"/>
          <line num="34" count="3" type="stmt"/>
          <line num="35" count="3" type="stmt"/>
        </file>
        <file name="genre.js" path="/Users/christinakuebler/Coding/node-course/vidly/models/genre.js">
          <metrics statements="10" coveredstatements="10" conditionals="0" coveredconditionals="0" methods="1" coveredmethods="1"/>
          <line num="1" count="3" type="stmt"/>
          <line num="2" count="3" type="stmt"/>
          <line num="3" count="3" type="stmt"/>
          <line num="6" count="3" type="stmt"/>
          <line num="16" count="3" type="stmt"/>
          <line num="19" count="10" type="stmt"/>
          <line num="22" count="10" type="stmt"/>
          <line num="25" count="3" type="stmt"/>
          <line num="26" count="3" type="stmt"/>
          <line num="27" count="3" type="stmt"/>
        </file>
        <file name="movie.js" path="/Users/christinakuebler/Coding/node-course/vidly/models/movie.js">
          <metrics statements="8" coveredstatements="6" conditionals="0" coveredconditionals="0" methods="1" coveredmethods="0"/>
          <line num="1" count="3" type="stmt"/>
          <line num="2" count="3" type="stmt"/>
          <line num="3" count="3" type="stmt"/>
          <line num="6" count="3" type="stmt"/>
          <line num="33" count="0" type="stmt"/>
          <line num="39" count="0" type="stmt"/>
          <line num="42" count="3" type="stmt"/>
          <line num="43" count="3" type="stmt"/>
        </file>
        <file name="rental.js" path="/Users/christinakuebler/Coding/node-course/vidly/models/rental.js">
          <metrics statements="15" coveredstatements="13" conditionals="0" coveredconditionals="0" methods="3" coveredmethods="2"/>
          <line num="3" count="3" type="stmt"/>
          <line num="4" count="3" type="stmt"/>
          <line num="5" count="3" type="stmt"/>
          <line num="9" count="3" type="stmt"/>
          <line num="63" count="3" type="stmt"/>
          <line num="64" count="7" type="stmt"/>
          <line num="70" count="3" type="stmt"/>
          <line num="71" count="4" type="stmt"/>
          <line num="73" count="4" type="stmt"/>
          <line num="74" count="4" type="stmt"/>
          <line num="78" count="3" type="stmt"/>
          <line num="82" count="0" type="stmt"/>
          <line num="86" count="0" type="stmt"/>
          <line num="89" count="3" type="stmt"/>
          <line num="90" count="3" type="stmt"/>
        </file>
        <file name="user.js" path="/Users/christinakuebler/Coding/node-course/vidly/models/user.js">
          <metrics statements="13" coveredstatements="11" conditionals="0" coveredconditionals="0" methods="2" coveredmethods="1"/>
          <line num="1" count="5" type="stmt"/>
          <line num="2" count="5" type="stmt"/>
          <line num="3" count="5" type="stmt"/>
          <line num="4" count="5" type="stmt"/>
          <line num="7" count="5" type="stmt"/>
          <line num="31" count="5" type="stmt"/>
          <line num="32" count="31" type="stmt"/>
          <line num="33" count="31" type="stmt"/>
          <line num="37" count="5" type="stmt"/>
          <line num="40" count="0" type="stmt"/>
          <line num="45" count="0" type="stmt"/>
          <line num="48" count="5" type="stmt"/>
          <line num="49" count="5" type="stmt"/>
        </file>
      </package>
      <package name="vidly.routes">
        <metrics statements="180" coveredstatements="98" conditionals="58" coveredconditionals="13" methods="24" coveredmethods="6"/>
        <file name="auth.js" path="/Users/christinakuebler/Coding/node-course/vidly/routes/auth.js">
          <metrics statements="19" coveredstatements="9" conditionals="6" coveredconditionals="0" methods="2" coveredmethods="0"/>
          <line num="2" count="3" type="stmt"/>
          <line num="3" count="3" type="stmt"/>
          <line num="4" count="3" type="stmt"/>
          <line num="5" count="3" type="stmt"/>
          <line num="6" count="3" type="stmt"/>
          <line num="7" count="3" type="stmt"/>
          <line num="8" count="3" type="stmt"/>
          <line num="12" count="3" type="stmt"/>
          <line num="13" count="0" type="stmt"/>
          <line num="14" count="0" type="cond" truecount="0" falsecount="2"/>
          <line num="16" count="0" type="stmt"/>
          <line num="17" count="0" type="cond" truecount="0" falsecount="2"/>
          <line num="19" count="0" type="stmt"/>
          <line num="20" count="0" type="cond" truecount="0" falsecount="2"/>
          <line num="26" count="0" type="stmt"/>
          <line num="27" count="0" type="stmt"/>
          <line num="33" count="0" type="stmt"/>
          <line num="37" count="0" type="stmt"/>
          <line num="41" count="3" type="stmt"/>
        </file>
        <file name="customers.js" path="/Users/christinakuebler/Coding/node-course/vidly/routes/customers.js">
          <metrics statements="28" coveredstatements="10" conditionals="10" coveredconditionals="0" methods="5" coveredmethods="0"/>
          <line num="2" count="3" type="stmt"/>
          <line num="3" count="3" type="stmt"/>
          <line num="4" count="3" type="stmt"/>
          <line num="5" count="3" type="stmt"/>
          <line num="8" count="3" type="stmt"/>
          <line num="9" count="0" type="stmt"/>
          <line num="10" count="0" type="stmt"/>
          <line num="14" count="3" type="stmt"/>
          <line num="15" count="0" type="stmt"/>
          <line num="16" count="0" type="cond" truecount="0" falsecount="2"/>
          <line num="17" count="0" type="stmt"/>
          <line num="22" count="0" type="stmt"/>
          <line num="23" count="0" type="stmt"/>
          <line num="27" count="3" type="stmt"/>
          <line num="28" count="0" type="stmt"/>
          <line num="29" count="0" type="cond" truecount="0" falsecount="2"/>
          <line num="30" count="0" type="stmt"/>
          <line num="36" count="0" type="cond" truecount="0" falsecount="2"/>
          <line num="37" count="0" type="stmt"/>
          <line num="41" count="3" type="stmt"/>
          <line num="42" count="0" type="stmt"/>
          <line num="43" count="0" type="cond" truecount="0" falsecount="2"/>
          <line num="44" count="0" type="stmt"/>
          <line num="48" count="3" type="stmt"/>
          <line num="49" count="0" type="stmt"/>
          <line num="50" count="0" type="cond" truecount="0" falsecount="2"/>
          <line num="51" count="0" type="stmt"/>
          <line num="54" count="3" type="stmt"/>
        </file>
        <file name="genres.js" path="/Users/christinakuebler/Coding/node-course/vidly/routes/genres.js">
          <metrics statements="31" coveredstatements="28" conditionals="10" coveredconditionals="9" methods="5" coveredmethods="4"/>
          <line num="2" count="3" type="stmt"/>
          <line num="3" count="3" type="stmt"/>
          <line num="4" count="3" type="stmt"/>
          <line num="5" count="3" type="stmt"/>
          <line num="6" count="3" type="stmt"/>
          <line num="7" count="3" type="stmt"/>
          <line num="8" count="3" type="stmt"/>
          <line num="11" count="3" type="stmt"/>
          <line num="12" count="0" type="stmt"/>
          <line num="13" count="0" type="stmt"/>
          <line num="17" count="3" type="stmt"/>
          <line num="18" count="5" type="stmt"/>
          <line num="19" count="5" type="cond" truecount="2" falsecount="0"/>
          <line num="20" count="3" type="stmt"/>
          <line num="21" count="3" type="stmt"/>
          <line num="23" count="3" type="stmt"/>
          <line num="27" count="3" type="stmt"/>
          <line num="28" count="5" type="stmt"/>
          <line num="29" count="5" type="cond" truecount="2" falsecount="0"/>
          <line num="30" count="3" type="stmt"/>
          <line num="33" count="3" type="cond" truecount="1" falsecount="1"/>
          <line num="34" count="0" type="stmt"/>
          <line num="38" count="3" type="stmt"/>
          <line num="39" count="3" type="stmt"/>
          <line num="40" count="3" type="cond" truecount="2" falsecount="0"/>
          <line num="41" count="1" type="stmt"/>
          <line num="45" count="3" type="stmt"/>
          <line num="46" count="2" type="stmt"/>
          <line num="47" count="2" type="cond" truecount="2" falsecount="0"/>
          <line num="48" count="1" type="stmt"/>
          <line num="51" count="3" type="stmt"/>
        </file>
        <file name="movies.js" path="/Users/christinakuebler/Coding/node-course/vidly/routes/movies.js">
          <metrics statements="33" coveredstatements="11" conditionals="14" coveredconditionals="0" methods="5" coveredmethods="0"/>
          <line num="2" count="3" type="stmt"/>
          <line num="3" count="3" type="stmt"/>
          <line num="4" count="3" type="stmt"/>
          <line num="5" count="3" type="stmt"/>
          <line num="6" count="3" type="stmt"/>
          <line num="9" count="3" type="stmt"/>
          <line num="10" count="0" type="stmt"/>
          <line num="11" count="0" type="stmt"/>
          <line num="15" count="3" type="stmt"/>
          <line num="16" count="0" type="stmt"/>
          <line num="17" count="0" type="cond" truecount="0" falsecount="2"/>
          <line num="18" count="0" type="stmt"/>
          <line num="19" count="0" type="cond" truecount="0" falsecount="2"/>
          <line num="20" count="0" type="stmt"/>
          <line num="29" count="0" type="stmt"/>
          <line num="30" count="0" type="stmt"/>
          <line num="34" count="3" type="stmt"/>
          <line num="35" count="0" type="stmt"/>
          <line num="36" count="0" type="cond" truecount="0" falsecount="2"/>
          <line num="37" count="0" type="stmt"/>
          <line num="38" count="0" type="cond" truecount="0" falsecount="2"/>
          <line num="39" count="0" type="stmt"/>
          <line num="49" count="0" type="cond" truecount="0" falsecount="2"/>
          <line num="50" count="0" type="stmt"/>
          <line num="54" count="3" type="stmt"/>
          <line num="55" count="0" type="stmt"/>
          <line num="56" count="0" type="cond" truecount="0" falsecount="2"/>
          <line num="57" count="0" type="stmt"/>
          <line num="61" count="3" type="stmt"/>
          <line num="62" count="0" type="stmt"/>
          <line num="63" count="0" type="cond" truecount="0" falsecount="2"/>
          <line num="64" count="0" type="stmt"/>
          <line num="67" count="3" type="stmt"/>
        </file>
        <file name="rentals.js" path="/Users/christinakuebler/Coding/node-course/vidly/routes/rentals.js">
          <metrics statements="29" coveredstatements="12" conditionals="10" coveredconditionals="0" methods="3" coveredmethods="0"/>
          <line num="2" count="3" type="stmt"/>
          <line num="3" count="3" type="stmt"/>
          <line num="4" count="3" type="stmt"/>
          <line num="5" count="3" type="stmt"/>
          <line num="6" count="3" type="stmt"/>
          <line num="7" count="3" type="stmt"/>
          <line num="8" count="3" type="stmt"/>
          <line num="10" count="3" type="stmt"/>
          <line num="13" count="3" type="stmt"/>
          <line num="14" count="0" type="stmt"/>
          <line num="15" count="0" type="stmt"/>
          <line num="19" count="3" type="stmt"/>
          <line num="20" count="0" type="stmt"/>
          <line num="21" count="0" type="cond" truecount="0" falsecount="2"/>
          <line num="22" count="0" type="stmt"/>
          <line num="23" count="0" type="cond" truecount="0" falsecount="2"/>
          <line num="24" count="0" type="stmt"/>
          <line num="25" count="0" type="cond" truecount="0" falsecount="2"/>
          <line num="26" count="0" type="cond" truecount="0" falsecount="2"/>
          <line num="28" count="0" type="stmt"/>
          <line num="41" count="0" type="stmt"/>
          <line num="42" count="0" type="stmt"/>
          <line num="48" count="0" type="stmt"/>
          <line num="51" count="0" type="stmt"/>
          <line num="57" count="3" type="stmt"/>
          <line num="58" count="0" type="stmt"/>
          <line num="59" count="0" type="cond" truecount="0" falsecount="2"/>
          <line num="60" count="0" type="stmt"/>
          <line num="63" count="3" type="stmt"/>
        </file>
        <file name="returns.js" path="/Users/christinakuebler/Coding/node-course/vidly/routes/returns.js">
          <metrics statements="18" coveredstatements="18" conditionals="4" coveredconditionals="4" methods="2" coveredmethods="2"/>
          <line num="1" count="3" type="stmt"/>
          <line num="2" count="3" type="stmt"/>
          <line num="3" count="3" type="stmt"/>
          <line num="4" count="3" type="stmt"/>
          <line num="5" count="3" type="stmt"/>
          <line num="6" count="3" type="stmt"/>
          <line num="7" count="3" type="stmt"/>
          <line num="9" count="3" type="stmt"/>
          <line num="10" count="7" type="stmt"/>
          <line num="12" count="7" type="cond" truecount="2" falsecount="0"/>
          <line num="14" count="5" type="cond" truecount="2" falsecount="0"/>
          <line num="16" count="4" type="stmt"/>
          <line num="17" count="4" type="stmt"/>
          <line num="19" count="4" type="stmt"/>
          <line num="23" count="4" type="stmt"/>
          <line num="27" count="9" type="stmt"/>
          <line num="31" count="9" type="stmt"/>
          <line num="34" count="3" type="stmt"/>
        </file>
        <file name="users.js" path="/Users/christinakuebler/Coding/node-course/vidly/routes/users.js">
          <metrics statements="22" coveredstatements="10" conditionals="4" coveredconditionals="0" methods="2" coveredmethods="0"/>
          <line num="2" count="3" type="stmt"/>
          <line num="3" count="3" type="stmt"/>
          <line num="4" count="3" type="stmt"/>
          <line num="5" count="3" type="stmt"/>
          <line num="6" count="3" type="stmt"/>
          <line num="7" count="3" type="stmt"/>
          <line num="8" count="3" type="stmt"/>
          <line num="11" count="3" type="stmt"/>
          <line num="12" count="0" type="stmt"/>
          <line num="13" count="0" type="stmt"/>
          <line num="17" count="3" type="stmt"/>
          <line num="18" count="0" type="stmt"/>
          <line num="19" count="0" type="cond" truecount="0" falsecount="2"/>
          <line num="21" count="0" type="stmt"/>
          <line num="22" count="0" type="cond" truecount="0" falsecount="2"/>
          <line num="24" count="0" type="stmt"/>
          <line num="25" count="0" type="stmt"/>
          <line num="26" count="0" type="stmt"/>
          <line num="27" count="0" type="stmt"/>
          <line num="29" count="0" type="stmt"/>
          <line num="30" count="0" type="stmt"/>
          <line num="34" count="3" type="stmt"/>
        </file>
      </package>
      <package name="vidly.startup">
        <metrics statements="40" coveredstatements="38" conditionals="2" coveredconditionals="1" methods="7" coveredmethods="6"/>
        <file name="config.js" path="/Users/christinakuebler/Coding/node-course/vidly/startup/config.js">
          <metrics statements="4" coveredstatements="3" conditionals="2" coveredconditionals="1" methods="1" coveredmethods="1"/>
          <line num="1" count="3" type="stmt"/>
          <line num="3" count="3" type="stmt"/>
          <line num="4" count="3" type="cond" truecount="1" falsecount="1"/>
          <line num="5" count="0" type="stmt"/>
        </file>
        <file name="db.js" path="/Users/christinakuebler/Coding/node-course/vidly/startup/db.js">
          <metrics statements="7" coveredstatements="7" conditionals="0" coveredconditionals="0" methods="2" coveredmethods="2"/>
          <line num="1" count="3" type="stmt"/>
          <line num="2" count="3" type="stmt"/>
          <line num="3" count="3" type="stmt"/>
          <line num="5" count="3" type="stmt"/>
          <line num="6" count="3" type="stmt"/>
          <line num="7" count="3" type="stmt"/>
          <line num="8" count="3" type="stmt"/>
        </file>
        <file name="logging.js" path="/Users/christinakuebler/Coding/node-course/vidly/startup/logging.js">
          <metrics statements="7" coveredstatements="6" conditionals="0" coveredconditionals="0" methods="2" coveredmethods="1"/>
          <line num="1" count="3" type="stmt"/>
          <line num="3" count="3" type="stmt"/>
          <line num="6" count="3" type="stmt"/>
          <line num="8" count="3" type="stmt"/>
          <line num="16" count="3" type="stmt"/>
          <line num="17" count="0" type="stmt"/>
          <line num="21" count="3" type="stmt"/>
        </file>
        <file name="routes.js" path="/Users/christinakuebler/Coding/node-course/vidly/startup/routes.js">
          <metrics statements="19" coveredstatements="19" conditionals="0" coveredconditionals="0" methods="1" coveredmethods="1"/>
          <line num="1" count="3" type="stmt"/>
          <line num="2" count="3" type="stmt"/>
          <line num="3" count="3" type="stmt"/>
          <line num="4" count="3" type="stmt"/>
          <line num="5" count="3" type="stmt"/>
          <line num="6" count="3" type="stmt"/>
          <line num="7" count="3" type="stmt"/>
          <line num="8" count="3" type="stmt"/>
          <line num="9" count="3" type="stmt"/>
          <line num="12" count="3" type="stmt"/>
          <line num="13" count="3" type="stmt"/>
          <line num="14" count="3" type="stmt"/>
          <line num="15" count="3" type="stmt"/>
          <line num="16" count="3" type="stmt"/>
          <line num="17" count="3" type="stmt"/>
          <line num="18" count="3" type="stmt"/>
          <line num="19" count="3" type="stmt"/>
          <line num="20" count="3" type="stmt"/>
          <line num="21" count="3" type="stmt"/>
        </file>
        <file name="validation.js" path="/Users/christinakuebler/Coding/node-course/vidly/startup/validation.js">
          <metrics statements="3" coveredstatements="3" conditionals="0" coveredconditionals="0" methods="1" coveredmethods="1"/>
          <line num="1" count="3" type="stmt"/>
          <line num="3" count="3" type="stmt"/>
          <line num="4" count="3" type="stmt"/>
        </file>
      </package>
    </metrics>
  </project>
</coverage>
