TN:
SF:/Users/christinakuebler/Coding/node-course/vidly/index.js
FN:15,(anonymous_0)
FNF:1
FNH:1
FNDA:2,(anonymous_0)
DA:4,2
DA:5,2
DA:6,2
DA:8,2
DA:9,2
DA:10,2
DA:11,2
DA:12,2
DA:14,2
DA:15,2
DA:17,2
LF:11
LH:11
BRDA:14,0,0,2
BRDA:14,0,1,2
BRF:2
BRH:2
end_of_record
TN:
SF:/Users/christinakuebler/Coding/node-course/vidly/middleware/admin.js
FN:1,(anonymous_0)
FNF:1
FNH:0
FNDA:0,(anonymous_0)
DA:1,2
DA:6,0
DA:10,0
LF:3
LH:1
BRDA:6,0,0,0
BRDA:6,0,1,0
BRF:2
BRH:0
end_of_record
TN:
SF:/Users/christinakuebler/Coding/node-course/vidly/middleware/auth.js
FN:4,(anonymous_0)
FNF:1
FNH:1
FNDA:15,(anonymous_0)
DA:1,3
DA:2,3
DA:4,3
DA:5,15
DA:6,15
DA:9,13
DA:10,13
DA:11,12
DA:12,12
DA:15,1
LF:10
LH:10
BRDA:6,0,0,2
BRDA:6,0,1,13
BRF:2
BRH:2
end_of_record
TN:
SF:/Users/christinakuebler/Coding/node-course/vidly/middleware/error.js
FN:5,(anonymous_0)
FNF:1
FNH:1
FNDA:1,(anonymous_0)
DA:3,2
DA:5,2
DA:6,1
DA:7,1
LF:4
LH:4
BRF:0
BRH:0
end_of_record
TN:
SF:/Users/christinakuebler/Coding/node-course/vidly/middleware/validateObjectId.js
FN:3,(anonymous_0)
FNF:1
FNH:1
FNDA:3,(anonymous_0)
DA:1,2
DA:3,2
DA:4,3
DA:5,1
DA:7,2
LF:5
LH:5
BRDA:4,0,0,1
BRDA:4,0,1,2
BRF:2
BRH:2
end_of_record
TN:
SF:/Users/christinakuebler/Coding/node-course/vidly/models/customer.js
FN:25,validateCustomer
FNF:1
FNH:0
FNDA:0,validateCustomer
DA:1,2
DA:2,2
DA:3,2
DA:6,2
DA:26,0
DA:31,0
DA:34,2
DA:35,2
LF:8
LH:6
BRF:0
BRH:0
end_of_record
TN:
SF:/Users/christinakuebler/Coding/node-course/vidly/models/genre.js
FN:18,validateGenre
FNF:1
FNH:1
FNDA:11,validateGenre
DA:1,2
DA:2,2
DA:3,2
DA:6,2
DA:16,2
DA:19,11
DA:22,11
DA:25,2
DA:26,2
DA:27,2
LF:10
LH:10
BRF:0
BRH:0
end_of_record
TN:
SF:/Users/christinakuebler/Coding/node-course/vidly/models/movie.js
FN:32,validateMovie
FNF:1
FNH:0
FNDA:0,validateMovie
DA:1,2
DA:2,2
DA:3,2
DA:6,2
DA:33,0
DA:39,0
DA:42,2
DA:43,2
LF:8
LH:6
BRF:0
BRH:0
end_of_record
TN:
SF:/Users/christinakuebler/Coding/node-course/vidly/models/rental.js
FN:64,validateRental
FNF:1
FNH:0
FNDA:0,validateRental
DA:3,2
DA:4,2
DA:8,2
DA:65,0
DA:69,0
DA:72,2
DA:73,2
LF:7
LH:5
BRF:0
BRH:0
end_of_record
TN:
SF:/Users/christinakuebler/Coding/node-course/vidly/models/user.js
FN:31,(anonymous_0)
FN:39,validateUser
FNF:2
FNH:1
FNDA:16,(anonymous_0)
FNDA:0,validateUser
DA:1,4
DA:2,4
DA:3,4
DA:4,4
DA:7,4
DA:31,4
DA:32,16
DA:33,16
DA:37,4
DA:40,0
DA:45,0
DA:48,4
DA:49,4
LF:13
LH:11
BRF:0
BRH:0
end_of_record
TN:
SF:/Users/christinakuebler/Coding/node-course/vidly/routes/auth.js
FN:12,(anonymous_0)
FN:32,validate
FNF:2
FNH:0
FNDA:0,(anonymous_0)
FNDA:0,validate
DA:2,2
DA:3,2
DA:4,2
DA:5,2
DA:6,2
DA:7,2
DA:8,2
DA:12,2
DA:13,0
DA:14,0
DA:16,0
DA:17,0
DA:19,0
DA:20,0
DA:26,0
DA:27,0
DA:33,0
DA:37,0
DA:41,2
LF:19
LH:9
BRDA:14,0,0,0
BRDA:14,0,1,0
BRDA:17,1,0,0
BRDA:17,1,1,0
BRDA:20,2,0,0
BRDA:20,2,1,0
BRF:6
BRH:0
end_of_record
TN:
SF:/Users/christinakuebler/Coding/node-course/vidly/routes/customers.js
FN:8,(anonymous_0)
FN:14,(anonymous_1)
FN:27,(anonymous_2)
FN:41,(anonymous_3)
FN:48,(anonymous_4)
FNF:5
FNH:0
FNDA:0,(anonymous_0)
FNDA:0,(anonymous_1)
FNDA:0,(anonymous_2)
FNDA:0,(anonymous_3)
FNDA:0,(anonymous_4)
DA:2,2
DA:3,2
DA:4,2
DA:5,2
DA:8,2
DA:9,0
DA:10,0
DA:14,2
DA:15,0
DA:16,0
DA:17,0
DA:22,0
DA:23,0
DA:27,2
DA:28,0
DA:29,0
DA:30,0
DA:36,0
DA:37,0
DA:41,2
DA:42,0
DA:43,0
DA:44,0
DA:48,2
DA:49,0
DA:50,0
DA:51,0
DA:54,2
LF:28
LH:10
BRDA:16,0,0,0
BRDA:16,0,1,0
BRDA:29,1,0,0
BRDA:29,1,1,0
BRDA:36,2,0,0
BRDA:36,2,1,0
BRDA:43,3,0,0
BRDA:43,3,1,0
BRDA:50,4,0,0
BRDA:50,4,1,0
BRF:10
BRH:0
end_of_record
TN:
SF:/Users/christinakuebler/Coding/node-course/vidly/routes/genres.js
FN:11,(anonymous_0)
FN:17,(anonymous_1)
FN:27,(anonymous_2)
FN:38,(anonymous_3)
FN:45,(anonymous_4)
FNF:5
FNH:4
FNDA:1,(anonymous_0)
FNDA:5,(anonymous_1)
FNDA:6,(anonymous_2)
FNDA:0,(anonymous_3)
FNDA:2,(anonymous_4)
DA:2,2
DA:3,2
DA:4,2
DA:5,2
DA:6,2
DA:7,2
DA:8,2
DA:11,2
DA:12,1
DA:13,1
DA:17,2
DA:18,5
DA:19,5
DA:20,3
DA:21,3
DA:23,3
DA:27,2
DA:28,6
DA:29,6
DA:30,4
DA:33,3
DA:34,0
DA:38,2
DA:39,0
DA:40,0
DA:41,0
DA:45,2
DA:46,2
DA:47,2
DA:48,1
DA:51,2
LF:31
LH:27
BRDA:19,0,0,2
BRDA:19,0,1,3
BRDA:29,1,0,2
BRDA:29,1,1,4
BRDA:33,2,0,3
BRDA:33,2,1,0
BRDA:40,3,0,0
BRDA:40,3,1,0
BRDA:47,4,0,1
BRDA:47,4,1,1
BRF:10
BRH:7
end_of_record
TN:
SF:/Users/christinakuebler/Coding/node-course/vidly/routes/movies.js
FN:9,(anonymous_0)
FN:15,(anonymous_1)
FN:34,(anonymous_2)
FN:54,(anonymous_3)
FN:61,(anonymous_4)
FNF:5
FNH:0
FNDA:0,(anonymous_0)
FNDA:0,(anonymous_1)
FNDA:0,(anonymous_2)
FNDA:0,(anonymous_3)
FNDA:0,(anonymous_4)
DA:2,2
DA:3,2
DA:4,2
DA:5,2
DA:6,2
DA:9,2
DA:10,0
DA:11,0
DA:15,2
DA:16,0
DA:17,0
DA:18,0
DA:19,0
DA:20,0
DA:29,0
DA:30,0
DA:34,2
DA:35,0
DA:36,0
DA:37,0
DA:38,0
DA:39,0
DA:49,0
DA:50,0
DA:54,2
DA:55,0
DA:56,0
DA:57,0
DA:61,2
DA:62,0
DA:63,0
DA:64,0
DA:67,2
LF:33
LH:11
BRDA:17,0,0,0
BRDA:17,0,1,0
BRDA:19,1,0,0
BRDA:19,1,1,0
BRDA:36,2,0,0
BRDA:36,2,1,0
BRDA:38,3,0,0
BRDA:38,3,1,0
BRDA:49,4,0,0
BRDA:49,4,1,0
BRDA:56,5,0,0
BRDA:56,5,1,0
BRDA:63,6,0,0
BRDA:63,6,1,0
BRF:14
BRH:0
end_of_record
TN:
SF:/Users/christinakuebler/Coding/node-course/vidly/routes/rentals.js
FN:13,(anonymous_0)
FN:19,(anonymous_1)
FN:57,(anonymous_2)
FNF:3
FNH:0
FNDA:0,(anonymous_0)
FNDA:0,(anonymous_1)
FNDA:0,(anonymous_2)
DA:2,2
DA:3,2
DA:4,2
DA:5,2
DA:6,2
DA:7,2
DA:8,2
DA:10,2
DA:13,2
DA:14,0
DA:15,0
DA:19,2
DA:20,0
DA:21,0
DA:22,0
DA:23,0
DA:24,0
DA:25,0
DA:26,0
DA:28,0
DA:41,0
DA:42,0
DA:48,0
DA:51,0
DA:57,2
DA:58,0
DA:59,0
DA:60,0
DA:63,2
LF:29
LH:12
BRDA:21,0,0,0
BRDA:21,0,1,0
BRDA:23,1,0,0
BRDA:23,1,1,0
BRDA:25,2,0,0
BRDA:25,2,1,0
BRDA:26,3,0,0
BRDA:26,3,1,0
BRDA:59,4,0,0
BRDA:59,4,1,0
BRF:10
BRH:0
end_of_record
TN:
SF:/Users/christinakuebler/Coding/node-course/vidly/routes/users.js
FN:11,(anonymous_0)
FN:17,(anonymous_1)
FNF:2
FNH:0
FNDA:0,(anonymous_0)
FNDA:0,(anonymous_1)
DA:2,2
DA:3,2
DA:4,2
DA:5,2
DA:6,2
DA:7,2
DA:8,2
DA:11,2
DA:12,0
DA:13,0
DA:17,2
DA:18,0
DA:19,0
DA:21,0
DA:22,0
DA:24,0
DA:25,0
DA:26,0
DA:27,0
DA:29,0
DA:30,0
DA:34,2
LF:22
LH:10
BRDA:19,0,0,0
BRDA:19,0,1,0
BRDA:22,1,0,0
BRDA:22,1,1,0
BRF:4
BRH:0
end_of_record
TN:
SF:/Users/christinakuebler/Coding/node-course/vidly/startup/config.js
FN:3,(anonymous_0)
FNF:1
FNH:1
FNDA:2,(anonymous_0)
DA:1,2
DA:3,2
DA:4,2
DA:5,0
LF:4
LH:3
BRDA:4,0,0,0
BRDA:4,0,1,2
BRF:2
BRH:1
end_of_record
TN:
SF:/Users/christinakuebler/Coding/node-course/vidly/startup/db.js
FN:5,(anonymous_0)
FN:8,(anonymous_1)
FNF:2
FNH:2
FNDA:2,(anonymous_0)
FNDA:2,(anonymous_1)
DA:1,2
DA:2,2
DA:3,2
DA:5,2
DA:6,2
DA:7,2
DA:8,2
LF:7
LH:7
BRF:0
BRH:0
end_of_record
TN:
SF:/Users/christinakuebler/Coding/node-course/vidly/startup/logging.js
FN:6,(anonymous_0)
FN:16,(anonymous_1)
FNF:2
FNH:1
FNDA:2,(anonymous_0)
FNDA:0,(anonymous_1)
DA:1,2
DA:3,2
DA:6,2
DA:8,2
DA:16,2
DA:17,0
DA:21,2
LF:7
LH:6
BRF:0
BRH:0
end_of_record
TN:
SF:/Users/christinakuebler/Coding/node-course/vidly/startup/routes.js
FN:11,(anonymous_0)
FNF:1
FNH:1
FNDA:2,(anonymous_0)
DA:1,2
DA:2,2
DA:3,2
DA:4,2
DA:5,2
DA:6,2
DA:7,2
DA:8,2
DA:11,2
DA:12,2
DA:13,2
DA:14,2
DA:15,2
DA:16,2
DA:17,2
DA:18,2
DA:19,2
LF:17
LH:17
BRF:0
BRH:0
end_of_record
TN:
SF:/Users/christinakuebler/Coding/node-course/vidly/startup/validation.js
FN:3,(anonymous_0)
FNF:1
FNH:1
FNDA:2,(anonymous_0)
DA:1,2
DA:3,2
DA:4,2
LF:3
LH:3
BRF:0
BRH:0
end_of_record
